<?xml version="1.0" encoding="UTF-8"?>
<!-- Generated by org.testng.reporters.JUnitReportReporter -->
<testsuite hostname="DESKTOP-5F28CT7" failures="0" tests="2" name="Annotation.All_Annotations" time="0.008" errors="0" timestamp="2023-06-28T15:42:09 IST" skipped="0">
  <testcase classname="Annotation.All_Annotations" name="v" time="0.003"/>
  <testcase classname="Annotation.All_Annotations" name="f" time="0.005"/>
</testsuite> <!-- Annotation.All_Annotations -->
