<?xml version="1.0" encoding="UTF-8"?>
<!-- Generated by org.testng.reporters.JUnitReportReporter -->
<testsuite hostname="DESKTOP-5F28CT7" failures="0" tests="1" name="Selenium_TestNG.NewTest" time="0.006" errors="0" timestamp="2023-06-29T12:42:37 IST" skipped="0">
  <testcase classname="Selenium_TestNG.NewTest" name="f" time="0.006"/>
</testsuite> <!-- Selenium_TestNG.NewTest -->
