<?xml version="1.0" encoding="UTF-8"?>
<!-- Generated by org.testng.reporters.JUnitReportReporter -->
<testsuite hostname="DESKTOP-5F28CT7" failures="0" tests="1" name="Selenium_TestNG.openbrowser" time="6.794" errors="0" timestamp="2023-06-29T12:40:32 IST" skipped="0">
  <testcase classname="Selenium_TestNG.openbrowser" name="f" time="6.794"/>
</testsuite> <!-- Selenium_TestNG.openbrowser -->
