<?xml version="1.0" encoding="UTF-8"?>
<!-- Generated by org.testng.reporters.JUnitReportReporter -->
<testsuite hostname="DESKTOP-5F28CT7" failures="0" tests="1" name="maven_TestNG.maven_TestNG.NewTest1" time="0.005" errors="0" timestamp="2023-06-28T15:41:33 IST" skipped="0">
  <testcase classname="maven_TestNG.maven_TestNG.NewTest1" name="f" time="0.005"/>
</testsuite> <!-- maven_TestNG.maven_TestNG.NewTest1 -->
