<?xml version="1.0" encoding="UTF-8"?>
<!-- Generated by org.testng.reporters.JUnitReportReporter -->
<testsuite hostname="DESKTOP-5F28CT7" failures="0" tests="2" name="Selenium_TestNG.TestNG_Methods" time="8.234" errors="0" timestamp="2023-07-14T17:21:08 IST" skipped="0">
  <testcase classname="Selenium_TestNG.TestNG_Methods" name="Testcase1" time="3.831"/>
  <testcase classname="Selenium_TestNG.TestNG_Methods" name="Testcase2" time="4.403"/>
</testsuite> <!-- Selenium_TestNG.TestNG_Methods -->
