<?xml version="1.0" encoding="UTF-8"?>
<!-- Generated by org.testng.reporters.JUnitReportReporter -->
<testsuite hostname="DESKTOP-5F28CT7" failures="0" tests="2" name="paralleltesting.paralleltestingdemo" time="12.698" errors="0" timestamp="2023-07-14T15:48:51 IST" skipped="0">
  <testcase classname="paralleltesting.paralleltestingdemo" name="test1" time="5.935"/>
  <testcase classname="paralleltesting.paralleltestingdemo" name="test2" time="6.763"/>
</testsuite> <!-- paralleltesting.paralleltestingdemo -->
