<?xml version="1.0" encoding="UTF-8"?>
<!-- Generated by org.testng.reporters.JUnitReportReporter -->
<testsuite hostname="DESKTOP-5F28CT7" failures="0" tests="2" name="maven_TestNG.maven_TestNG.NewTest" time="0.009" errors="0" timestamp="2023-06-28T16:43:12 IST" skipped="0">
  <testcase classname="maven_TestNG.maven_TestNG.NewTest" name="f" time="0.007"/>
  <testcase classname="maven_TestNG.maven_TestNG.NewTest" name="g" time="0.002"/>
</testsuite> <!-- maven_TestNG.maven_TestNG.NewTest -->
