<?xml version="1.0" encoding="UTF-8"?>
<!-- Generated by org.testng.reporters.JUnitReportReporter -->
<testsuite hostname="DESKTOP-5F28CT7" failures="0" tests="1" name="Selenium_TestNG.Assertion" time="5.029" errors="0" timestamp="2023-07-03T17:35:27 IST" skipped="0">
  <testcase classname="Selenium_TestNG.Assertion" name="Testcase1" time="5.029"/>
</testsuite> <!-- Selenium_TestNG.Assertion -->
